Performing C SOURCE FILE Test CMAKE_HAVE_LIBC_PTHREAD failed with the following output:
Change Dir: /home/octobotics/catkin_ws/src/bt_launcher/build/CMakeFiles/CMakeTmp

Run Build Command(s):/usr/local/bin/ninja cmTC_d4bd2 && [1/2] Building C object CMakeFiles/cmTC_d4bd2.dir/src.c.o
[2/2] Linking C executable cmTC_d4bd2
FAILED: cmTC_d4bd2 
: && /usr/bin/cc -DCMAKE_HAVE_LIBC_PTHREAD  -rdynamic CMakeFiles/cmTC_d4bd2.dir/src.c.o  -o cmTC_d4bd2   && :
/usr/bin/ld: CMakeFiles/cmTC_d4bd2.dir/src.c.o: in function `main':
src.c:(.text+0x46): undefined reference to `pthread_create'
/usr/bin/ld: src.c:(.text+0x52): undefined reference to `pthread_detach'
/usr/bin/ld: src.c:(.text+0x63): undefined reference to `pthread_join'
collect2: error: ld returned 1 exit status
ninja: build stopped: subcommand failed.


Source file was:
#include <pthread.h>

void* test_func(void* data)
{
  return data;
}

int main(void)
{
  pthread_t thread;
  pthread_create(&thread, NULL, test_func, NULL);
  pthread_detach(thread);
  pthread_join(thread, NULL);
  pthread_atfork(NULL, NULL, NULL);
  pthread_exit(NULL);

  return 0;
}

Determining if the function pthread_create exists in the pthreads failed with the following output:
Change Dir: /home/octobotics/catkin_ws/src/bt_launcher/build/CMakeFiles/CMakeTmp

Run Build Command(s):/usr/local/bin/ninja cmTC_bdf35 && [1/2] Building C object CMakeFiles/cmTC_bdf35.dir/CheckFunctionExists.c.o
[2/2] Linking C executable cmTC_bdf35
FAILED: cmTC_bdf35 
: && /usr/bin/cc -DCHECK_FUNCTION_EXISTS=pthread_create  -rdynamic CMakeFiles/cmTC_bdf35.dir/CheckFunctionExists.c.o  -o cmTC_bdf35  -lpthreads && :
/usr/bin/ld: cannot find -lpthreads
collect2: error: ld returned 1 exit status
ninja: build stopped: subcommand failed.



