[35m[1mScanning dependencies of target std_srvs_generate_messages_nodejs[0m
[35m[1mScanning dependencies of target std_srvs_generate_messages_py[0m
[35m[1mScanning dependencies of target _my_actuator_generate_messages_check_deps_ang_lin_arr[0m
[35m[1mScanning dependencies of target std_msgs_generate_messages_nodejs[0m
[35m[1mScanning dependencies of target rmd[0m
[35m[1mScanning dependencies of target teleop_joy_node[0m
[35m[1mScanning dependencies of target std_msgs_generate_messages_cpp[0m
[35m[1mScanning dependencies of target std_srvs_generate_messages_lisp[0m
[35m[1mScanning dependencies of target std_msgs_generate_messages_lisp[0m
[35m[1mScanning dependencies of target std_msgs_generate_messages_eus[0m
[35m[1mScanning dependencies of target std_srvs_generate_messages_eus[0m
[35m[1mScanning dependencies of target std_msgs_generate_messages_py[0m
[  5%] [32mBuilding CXX object RmdApiSerial/rmd/CMakeFiles/rmd.dir/src/crc16.cpp.o[0m
[  5%] Built target std_msgs_generate_messages_nodejs
[  5%] Built target std_srvs_generate_messages_eus
[  5%] Built target std_srvs_generate_messages_nodejs
[  5%] Built target std_srvs_generate_messages_py
[  5%] Built target std_msgs_generate_messages_cpp
[  5%] Built target std_srvs_generate_messages_lisp
[  5%] Built target std_msgs_generate_messages_lisp
[  5%] Built target std_msgs_generate_messages_eus
[ 11%] Built target std_msgs_generate_messages_py
[ 11%] [32mBuilding CXX object RmdApiSerial/rmd/CMakeFiles/rmd.dir/src/x10_register.cpp.o[0m
[ 16%] [32mBuilding CXX object RmdApiSerial/rmd/CMakeFiles/rmd.dir/src/serial_comm.cpp.o[0m
[35m[1mScanning dependencies of target std_srvs_generate_messages_cpp[0m
[ 22%] [32mBuilding CXX object CMakeFiles/teleop_joy_node.dir/src/joy_teleop.cpp.o[0m
[ 27%] [32mBuilding CXX object RmdApiSerial/rmd/CMakeFiles/rmd.dir/src/hex_data.cpp.o[0m
[ 38%] [32mBuilding CXX object RmdApiSerial/rmd/CMakeFiles/rmd.dir/src/x10_api.cpp.o[0m
[ 38%] [32mBuilding CXX object RmdApiSerial/rmd/CMakeFiles/rmd.dir/src/x10_api_base.cpp.o[0m
[ 38%] Built target std_srvs_generate_messages_cpp
[ 38%] Built target _my_actuator_generate_messages_check_deps_ang_lin_arr
[35m[1mScanning dependencies of target my_actuator_generate_messages_nodejs[0m
[35m[1mScanning dependencies of target my_actuator_generate_messages_cpp[0m
[35m[1mScanning dependencies of target my_actuator_generate_messages_lisp[0m
[35m[1mScanning dependencies of target my_actuator_generate_messages_py[0m
[35m[1mScanning dependencies of target my_actuator_generate_messages_eus[0m
[ 44%] [34m[1mGenerating Lisp code from my_actuator/ang_lin_arr.msg[0m
[ 55%] [34m[1mGenerating Python from MSG my_actuator/ang_lin_arr[0m
[ 55%] [34m[1mGenerating Javascript code from my_actuator/ang_lin_arr.msg[0m
[ 61%] [34m[1mGenerating EusLisp manifest code for my_actuator[0m
[ 66%] [34m[1mGenerating EusLisp code from my_actuator/ang_lin_arr.msg[0m
[ 72%] [34m[1mGenerating C++ code from my_actuator/ang_lin_arr.msg[0m
[ 72%] Built target my_actuator_generate_messages_nodejs
[ 72%] Built target my_actuator_generate_messages_lisp
[ 77%] [34m[1mGenerating Python msg __init__.py for my_actuator[0m
[ 77%] Built target my_actuator_generate_messages_cpp
[ 77%] Built target my_actuator_generate_messages_py
[ 83%] [32m[1mLinking CXX shared library /home/octobotics/my_actuator/devel/.private/my_actuator/lib/librmd.so[0m
[ 83%] Built target my_actuator_generate_messages_eus
[35m[1mScanning dependencies of target my_actuator_generate_messages[0m
[ 83%] Built target my_actuator_generate_messages
[ 83%] Built target rmd
[35m[1mScanning dependencies of target crawler_control_node[0m
[ 88%] [32mBuilding CXX object CMakeFiles/crawler_control_node.dir/src/my_actuator_control.cpp.o[0m
[ 94%] [32m[1mLinking CXX executable /home/octobotics/my_actuator/devel/.private/my_actuator/lib/my_actuator/teleop_joy_node[0m
[ 94%] Built target teleop_joy_node
[100%] [32m[1mLinking CXX executable /home/octobotics/my_actuator/devel/.private/my_actuator/lib/my_actuator/crawler_control_node[0m
[100%] Built target crawler_control_node
