Symlinking /home/octobotics/my_actuator/devel/lib/librmd.so
Symlinking /home/octobotics/my_actuator/devel/lib/python3/dist-packages/my_actuator/__init__.py
Symlinking /home/octobotics/my_actuator/devel/lib/python3/dist-packages/my_actuator/msg/__init__.py
Symlinking /home/octobotics/my_actuator/devel/lib/python3/dist-packages/my_actuator/msg/_ang_lin_arr.py
Symlinking /home/octobotics/my_actuator/devel/lib/my_actuator/teleop_joy_node
Symlinking /home/octobotics/my_actuator/devel/lib/my_actuator/crawler_control_node
Symlinking /home/octobotics/my_actuator/devel/lib/pkgconfig/my_actuator.pc
Symlinking /home/octobotics/my_actuator/devel/include/my_actuator/ang_lin_arr.h
Symlinking /home/octobotics/my_actuator/devel/share/roseus/ros/my_actuator/manifest.l
Symlinking /home/octobotics/my_actuator/devel/share/roseus/ros/my_actuator/msg/ang_lin_arr.l
Symlinking /home/octobotics/my_actuator/devel/share/my_actuator/cmake/my_actuator-msg-paths.cmake
Symlinking /home/octobotics/my_actuator/devel/share/my_actuator/cmake/my_actuatorConfig.cmake
Symlinking /home/octobotics/my_actuator/devel/share/my_actuator/cmake/my_actuatorConfig-version.cmake
Symlinking /home/octobotics/my_actuator/devel/share/my_actuator/cmake/my_actuator-msg-extras.cmake
Symlinking /home/octobotics/my_actuator/devel/share/common-lisp/ros/my_actuator/msg/ang_lin_arr.lisp
Symlinking /home/octobotics/my_actuator/devel/share/common-lisp/ros/my_actuator/msg/my_actuator-msg.asd
Symlinking /home/octobotics/my_actuator/devel/share/common-lisp/ros/my_actuator/msg/_package_ang_lin_arr.lisp
Symlinking /home/octobotics/my_actuator/devel/share/common-lisp/ros/my_actuator/msg/_package.lisp
Symlinking /home/octobotics/my_actuator/devel/share/gennodejs/ros/my_actuator/_index.js
Symlinking /home/octobotics/my_actuator/devel/share/gennodejs/ros/my_actuator/msg/_index.js
Symlinking /home/octobotics/my_actuator/devel/share/gennodejs/ros/my_actuator/msg/ang_lin_arr.js
